0 info it worked if it ends with ok
1 verbose cli [ '/Users/olly/.nvm/versions/node/v5.1.0/bin/node',
1 verbose cli   '/usr/local/bin/npm',
1 verbose cli   'start' ]
2 info using npm@3.3.12
3 info using node@v5.1.0
4 verbose run-script [ 'prestart', 'start', 'poststart' ]
5 info lifecycle @~prestart: @
6 silly lifecycle @~prestart: no script for prestart, continuing
7 info lifecycle @~start: @
8 verbose lifecycle @~start: unsafe-perm in lifecycle true
9 verbose lifecycle @~start: PATH: /usr/local/lib/node_modules/npm/bin/node-gyp-bin:/Users/olly/Desktop/yoman/node_modules/.bin:/usr/local/bin:/usr/local/sbin:/Users/olly/.nvm/versions/node/v5.1.0/bin:/usr/local/bin:/usr/bin:/bin:/usr/sbin:/sbin:/Users/olly/.rvm/bin:/Users/olly/.composer/vendor/bin:/Users/olly/bin
10 verbose lifecycle @~start: CWD: /Users/olly/Desktop/yoman
11 silly lifecycle @~start: Args: [ '-c', 'gulp serve' ]
12 silly lifecycle @~start: Returned: code: 1  signal: null
13 info lifecycle @~start: Failed to exec start script
14 verbose stack Error: @ start: `gulp serve`
14 verbose stack Exit status 1
14 verbose stack     at EventEmitter.<anonymous> (/usr/local/lib/node_modules/npm/lib/utils/lifecycle.js:232:16)
14 verbose stack     at emitTwo (events.js:87:13)
14 verbose stack     at EventEmitter.emit (events.js:172:7)
14 verbose stack     at ChildProcess.<anonymous> (/usr/local/lib/node_modules/npm/lib/utils/spawn.js:24:14)
14 verbose stack     at emitTwo (events.js:87:13)
14 verbose stack     at ChildProcess.emit (events.js:172:7)
14 verbose stack     at maybeClose (internal/child_process.js:818:16)
14 verbose stack     at Process.ChildProcess._handle.onexit (internal/child_process.js:211:5)
15 verbose pkgid @
16 verbose cwd /Users/olly/Desktop/yoman
17 error Darwin 15.4.0
18 error argv "/Users/olly/.nvm/versions/node/v5.1.0/bin/node" "/usr/local/bin/npm" "start"
19 error node v5.1.0
20 error npm  v3.3.12
21 error code ELIFECYCLE
22 error @ start: `gulp serve`
22 error Exit status 1
23 error Failed at the @ start script 'gulp serve'.
23 error Make sure you have the latest version of node.js and npm installed.
23 error If you do, this is most likely a problem with the  package,
23 error not with npm itself.
23 error Tell the author that this fails on your system:
23 error     gulp serve
23 error You can get their info via:
23 error     npm owner ls
23 error There is likely additional logging output above.
24 verbose exit [ 1, true ]
